# JRE version: OpenJDK Runtime Environment (8.0_152-b06) (build 1.8.0_152-release-1136-b06)
# Java VM: OpenJDK 64-Bit Server VM (25.152-b06 mixed mode windows-amd64 compressed oops)
Heap:
 PSYoungGen      total 35328K, used 29810K [0x00000000e0000000, 0x00000000e2500000, 0x0000000100000000)
  eden space 32768K, 90% used [0x00000000e0000000,0x00000000e1d1c910,0x00000000e2000000)
  from space 2560K, 0% used [0x00000000e2000000,0x00000000e2000000,0x00000000e2280000)
  to   space 2560K, 1% used [0x00000000e2280000,0x00000000e2288000,0x00000000e2500000)
 ParOldGen       total 25088K, used 3279K [0x00000000a0000000, 0x00000000a1880000, 0x00000000e0000000)
  object space 25088K, 13% used [0x00000000a0000000,0x00000000a0333fa8,0x00000000a1880000)
 Metaspace       used 13795K, capacity 14082K, committed 14208K, reserved 1067008K
  class space    used 1937K, capacity 2079K, committed 2176K, reserved 1048576K
GC Heap History (10 events):
Event: 8.300 GC heap before
{Heap before GC invocations=2 (full 0):
 PSYoungGen      total 18944K, used 18918K [0x00000000e0000000, 0x00000000e1500000, 0x0000000100000000)
  eden space 16384K, 100% used [0x00000000e0000000,0x00000000e1000000,0x00000000e1000000)
  from space 2560K, 99% used [0x00000000e1000000,0x00000000e1279b98,0x00000000e1280000)
  to   space 2560K, 0% used [0x00000000e1280000,0x00000000e1280000,0x00000000e1500000)
 ParOldGen       total 44032K, used 303K [0x00000000a0000000, 0x00000000a2b00000, 0x00000000e0000000)
  object space 44032K, 0% used [0x00000000a0000000,0x00000000a004bc00,0x00000000a2b00000)
 Metaspace       used 6930K, capacity 7106K, committed 7424K, reserved 1056768K
  class space    used 848K, capacity 907K, committed 1024K, reserved 1048576K
Event: 8.329 GC heap after
Heap after GC invocations=2 (full 0):
 PSYoungGen      total 18944K, used 2556K [0x00000000e0000000, 0x00000000e1500000, 0x0000000100000000)
  eden space 16384K, 0% used [0x00000000e0000000,0x00000000e0000000,0x00000000e1000000)
  from space 2560K, 99% used [0x00000000e1280000,0x00000000e14ff1c0,0x00000000e1500000)
  to   space 2560K, 0% used [0x00000000e1000000,0x00000000e1000000,0x00000000e1280000)
 ParOldGen       total 44032K, used 431K [0x00000000a0000000, 0x00000000a2b00000, 0x00000000e0000000)
  object space 44032K, 0% used [0x00000000a0000000,0x00000000a006be60,0x00000000a2b00000)
 Metaspace       used 6930K, capacity 7106K, committed 7424K, reserved 1056768K
  class space    used 848K, capacity 907K, committed 1024K, reserved 1048576K
}
Event: 11.284 GC heap before
{Heap before GC invocations=3 (full 0):
 PSYoungGen      total 18944K, used 18940K [0x00000000e0000000, 0x00000000e1500000, 0x0000000100000000)
  eden space 16384K, 100% used [0x00000000e0000000,0x00000000e1000000,0x00000000e1000000)
  from space 2560K, 99% used [0x00000000e1280000,0x00000000e14ff1c0,0x00000000e1500000)
  to   space 2560K, 0% used [0x00000000e1000000,0x00000000e1000000,0x00000000e1280000)
 ParOldGen       total 44032K, used 431K [0x00000000a0000000, 0x00000000a2b00000, 0x00000000e0000000)
  object space 44032K, 0% used [0x00000000a0000000,0x00000000a006be60,0x00000000a2b00000)
 Metaspace       used 7212K, capacity 7420K, committed 7680K, reserved 1056768K
  class space    used 906K, capacity 948K, committed 1024K, reserved 1048576K
Event: 11.346 GC heap after
Heap after GC invocations=3 (full 0):
 PSYoungGen      total 18944K, used 2528K [0x00000000e0000000, 0x00000000e2500000, 0x0000000100000000)
  eden space 16384K, 0% used [0x00000000e0000000,0x00000000e0000000,0x00000000e1000000)
  from space 2560K, 98% used [0x00000000e1000000,0x00000000e1278040,0x00000000e1280000)
  to   space 2560K, 0% used [0x00000000e2280000,0x00000000e2280000,0x00000000e2500000)
 ParOldGen       total 44032K, used 777K [0x00000000a0000000, 0x00000000a2b00000, 0x00000000e0000000)
  object space 44032K, 1% used [0x00000000a0000000,0x00000000a00c2700,0x00000000a2b00000)
 Metaspace       used 7212K, capacity 7420K, committed 7680K, reserved 1056768K
  class space    used 906K, capacity 948K, committed 1024K, reserved 1048576K
}
Event: 19.396 GC heap before
{Heap before GC invocations=4 (full 0):
 PSYoungGen      total 18944K, used 18912K [0x00000000e0000000, 0x00000000e2500000, 0x0000000100000000)
  eden space 16384K, 100% used [0x00000000e0000000,0x00000000e1000000,0x00000000e1000000)
  from space 2560K, 98% used [0x00000000e1000000,0x00000000e1278040,0x00000000e1280000)
  to   space 2560K, 0% used [0x00000000e2280000,0x00000000e2280000,0x00000000e2500000)
 ParOldGen       total 44032K, used 777K [0x00000000a0000000, 0x00000000a2b00000, 0x00000000e0000000)
  object space 44032K, 1% used [0x00000000a0000000,0x00000000a00c2700,0x00000000a2b00000)
 Metaspace       used 10668K, capacity 10870K, committed 11008K, reserved 1058816K
  class space    used 1408K, capacity 1517K, committed 1536K, reserved 1048576K
Event: 19.466 GC heap after
Heap after GC invocations=4 (full 0):
 PSYoungGen      total 35328K, used 2544K [0x00000000e0000000, 0x00000000e2500000, 0x0000000100000000)
  eden space 32768K, 0% used [0x00000000e0000000,0x00000000e0000000,0x00000000e2000000)
  from space 2560K, 99% used [0x00000000e2280000,0x00000000e24fc010,0x00000000e2500000)
  to   space 2560K, 0% used [0x00000000e2000000,0x00000000e2000000,0x00000000e2280000)
 ParOldGen       total 44032K, used 2841K [0x00000000a0000000, 0x00000000a2b00000, 0x00000000e0000000)
  object space 44032K, 6% used [0x00000000a0000000,0x00000000a02c66c8,0x00000000a2b00000)
 Metaspace       used 10668K, capacity 10870K, committed 11008K, reserved 1058816K
  class space    used 1408K, capacity 1517K, committed 1536K, reserved 1048576K
}
Event: 19.960 GC heap before
{Heap before GC invocations=5 (full 0):
 PSYoungGen      total 35328K, used 4497K [0x00000000e0000000, 0x00000000e2500000, 0x0000000100000000)
  eden space 32768K, 5% used [0x00000000e0000000,0x00000000e01e86c8,0x00000000e2000000)
  from space 2560K, 99% used [0x00000000e2280000,0x00000000e24fc010,0x00000000e2500000)
  to   space 2560K, 0% used [0x00000000e2000000,0x00000000e2000000,0x00000000e2280000)
 ParOldGen       total 44032K, used 2841K [0x00000000a0000000, 0x00000000a2b00000, 0x00000000e0000000)
  object space 44032K, 6% used [0x00000000a0000000,0x00000000a02c66c8,0x00000000a2b00000)
 Metaspace       used 10997K, capacity 11158K, committed 11392K, reserved 1062912K
  class space    used 1456K, capacity 1549K, committed 1664K, reserved 1048576K
Event: 20.041 GC heap after
Heap after GC invocations=5 (full 0):
 PSYoungGen      total 35328K, used 2544K [0x00000000e0000000, 0x00000000e2500000, 0x0000000100000000)
  eden space 32768K, 0% used [0x00000000e0000000,0x00000000e0000000,0x00000000e2000000)
  from space 2560K, 99% used [0x00000000e2000000,0x00000000e227c030,0x00000000e2280000)
  to   space 2560K, 0% used [0x00000000e2280000,0x00000000e2280000,0x00000000e2500000)
 ParOldGen       total 44032K, used 2947K [0x00000000a0000000, 0x00000000a2b00000, 0x00000000e0000000)
  object space 44032K, 6% used [0x00000000a0000000,0x00000000a02e0c00,0x00000000a2b00000)
 Metaspace       used 10997K, capacity 11158K, committed 11392K, reserved 1062912K
  class space    used 1456K, capacity 1549K, committed 1664K, reserved 1048576K
}
Event: 20.041 GC heap before
{Heap before GC invocations=6 (full 1):
 PSYoungGen      total 35328K, used 2544K [0x00000000e0000000, 0x00000000e2500000, 0x0000000100000000)
  eden space 32768K, 0% used [0x00000000e0000000,0x00000000e0000000,0x00000000e2000000)
  from space 2560K, 99% used [0x00000000e2000000,0x00000000e227c030,0x00000000e2280000)
  to   space 2560K, 0% used [0x00000000e2280000,0x00000000e2280000,0x00000000e2500000)
 ParOldGen       total 44032K, used 2947K [0x00000000a0000000, 0x00000000a2b00000, 0x00000000e0000000)
  object space 44032K, 6% used [0x00000000a0000000,0x00000000a02e0c00,0x00000000a2b00000)
 Metaspace       used 10997K, capacity 11158K, committed 11392K, reserved 1062912K
  class space    used 1456K, capacity 1549K, committed 1664K, reserved 1048576K
Event: 20.263 GC heap after
Heap after GC invocations=6 (full 1):
 PSYoungGen      total 35328K, used 0K [0x00000000e0000000, 0x00000000e2500000, 0x0000000100000000)
  eden space 32768K, 0% used [0x00000000e0000000,0x00000000e0000000,0x00000000e2000000)
  from space 2560K, 0% used [0x00000000e2000000,0x00000000e2000000,0x00000000e2280000)
  to   space 2560K, 0% used [0x00000000e2280000,0x00000000e2280000,0x00000000e2500000)
 ParOldGen       total 25088K, used 3279K [0x00000000a0000000, 0x00000000a1880000, 0x00000000e0000000)
  object space 25088K, 13% used [0x00000000a0000000,0x00000000a0333fa8,0x00000000a1880000)
 Metaspace       used 10997K, capacity 11158K, committed 11392K, reserved 1060864K
  class space    used 1456K, capacity 1549K, committed 1664K, reserved 1048576K
}

