# JRE version: OpenJDK Runtime Environment (8.0_152-b06) (build 1.8.0_152-release-1136-b06)
# Java VM: OpenJDK 64-Bit Server VM (25.152-b06 mixed mode windows-amd64 compressed oops)
Heap:
 PSYoungGen      total 477696K, used 310685K [0x00000000e0000000, 0x0000000100000000, 0x0000000100000000)
  eden space 431104K, 71% used [0x00000000e0000000,0x00000000f2d4e198,0x00000000fa500000)
  from space 46592K, 4% used [0x00000000fa500000,0x00000000fa719330,0x00000000fd280000)
  to   space 46080K, 0% used [0x00000000fd300000,0x00000000fd300000,0x0000000100000000)
 ParOldGen       total 176640K, used 72648K [0x00000000a0000000, 0x00000000aac80000, 0x00000000e0000000)
  object space 176640K, 41% used [0x00000000a0000000,0x00000000a46f2050,0x00000000aac80000)
 Metaspace       used 92393K, capacity 96874K, committed 97792K, reserved 1134592K
  class space    used 11482K, capacity 12485K, committed 12800K, reserved 1048576K
GC Heap History (10 events):
Event: 1696.054 GC heap before
{Heap before GC invocations=38 (full 4):
 PSYoungGen      total 460288K, used 428976K [0x00000000e0000000, 0x0000000100000000, 0x0000000100000000)
  eden space 427008K, 100% used [0x00000000e0000000,0x00000000fa100000,0x00000000fa100000)
  from space 33280K, 5% used [0x00000000fa100000,0x00000000fa2ec110,0x00000000fc180000)
  to   space 32768K, 0% used [0x00000000fe000000,0x00000000fe000000,0x0000000100000000)
 ParOldGen       total 149504K, used 78714K [0x00000000a0000000, 0x00000000a9200000, 0x00000000e0000000)
  object space 149504K, 52% used [0x00000000a0000000,0x00000000a4cde948,0x00000000a9200000)
 Metaspace       used 89952K, capacity 94144K, committed 94208K, reserved 1130496K
  class space    used 11316K, capacity 12264K, committed 12288K, reserved 1048576K
Event: 1696.153 GC heap after
Heap after GC invocations=38 (full 4):
 PSYoungGen      total 488448K, used 5682K [0x00000000e0000000, 0x00000000ffd80000, 0x0000000100000000)
  eden space 458240K, 0% used [0x00000000e0000000,0x00000000e0000000,0x00000000fbf80000)
  from space 30208K, 18% used [0x00000000fe000000,0x00000000fe58ca90,0x00000000ffd80000)
  to   space 31744K, 0% used [0x00000000fbf80000,0x00000000fbf80000,0x00000000fde80000)
 ParOldGen       total 149504K, used 79412K [0x00000000a0000000, 0x00000000a9200000, 0x00000000e0000000)
  object space 149504K, 53% used [0x00000000a0000000,0x00000000a4d8d018,0x00000000a9200000)
 Metaspace       used 89952K, capacity 94144K, committed 94208K, reserved 1130496K
  class space    used 11316K, capacity 12264K, committed 12288K, reserved 1048576K
}
Event: 1752.899 GC heap before
{Heap before GC invocations=39 (full 4):
 PSYoungGen      total 488448K, used 463922K [0x00000000e0000000, 0x00000000ffd80000, 0x0000000100000000)
  eden space 458240K, 100% used [0x00000000e0000000,0x00000000fbf80000,0x00000000fbf80000)
  from space 30208K, 18% used [0x00000000fe000000,0x00000000fe58ca90,0x00000000ffd80000)
  to   space 31744K, 0% used [0x00000000fbf80000,0x00000000fbf80000,0x00000000fde80000)
 ParOldGen       total 149504K, used 79412K [0x00000000a0000000, 0x00000000a9200000, 0x00000000e0000000)
  object space 149504K, 53% used [0x00000000a0000000,0x00000000a4d8d018,0x00000000a9200000)
 Metaspace       used 90640K, capacity 94930K, committed 95104K, reserved 1132544K
  class space    used 11376K, capacity 12359K, committed 12416K, reserved 1048576K
Event: 1753.777 GC heap after
Heap after GC invocations=39 (full 4):
 PSYoungGen      total 489984K, used 31739K [0x00000000e0000000, 0x0000000100000000, 0x0000000100000000)
  eden space 458240K, 0% used [0x00000000e0000000,0x00000000e0000000,0x00000000fbf80000)
  from space 31744K, 99% used [0x00000000fbf80000,0x00000000fde7ed40,0x00000000fde80000)
  to   space 34304K, 0% used [0x00000000fde80000,0x00000000fde80000,0x0000000100000000)
 ParOldGen       total 149504K, used 96217K [0x00000000a0000000, 0x00000000a9200000, 0x00000000e0000000)
  object space 149504K, 64% used [0x00000000a0000000,0x00000000a5df65c8,0x00000000a9200000)
 Metaspace       used 90640K, capacity 94930K, committed 95104K, reserved 1132544K
  class space    used 11376K, capacity 12359K, committed 12416K, reserved 1048576K
}
Event: 2228.630 GC heap before
{Heap before GC invocations=40 (full 4):
 PSYoungGen      total 489984K, used 489979K [0x00000000e0000000, 0x0000000100000000, 0x0000000100000000)
  eden space 458240K, 100% used [0x00000000e0000000,0x00000000fbf80000,0x00000000fbf80000)
  from space 31744K, 99% used [0x00000000fbf80000,0x00000000fde7ed40,0x00000000fde80000)
  to   space 34304K, 0% used [0x00000000fde80000,0x00000000fde80000,0x0000000100000000)
 ParOldGen       total 149504K, used 96217K [0x00000000a0000000, 0x00000000a9200000, 0x00000000e0000000)
  object space 149504K, 64% used [0x00000000a0000000,0x00000000a5df65c8,0x00000000a9200000)
 Metaspace       used 92564K, capacity 97100K, committed 97152K, reserved 1134592K
  class space    used 11638K, capacity 12642K, committed 12672K, reserved 1048576K
Event: 2235.240 GC heap after
Heap after GC invocations=40 (full 4):
 PSYoungGen      total 465408K, used 30484K [0x00000000e0000000, 0x0000000100000000, 0x0000000100000000)
  eden space 431104K, 0% used [0x00000000e0000000,0x00000000e0000000,0x00000000fa500000)
  from space 34304K, 88% used [0x00000000fde80000,0x00000000ffc45188,0x0000000100000000)
  to   space 46592K, 0% used [0x00000000fa500000,0x00000000fa500000,0x00000000fd280000)
 ParOldGen       total 149504K, used 127825K [0x00000000a0000000, 0x00000000a9200000, 0x00000000e0000000)
  object space 149504K, 85% used [0x00000000a0000000,0x00000000a7cd4788,0x00000000a9200000)
 Metaspace       used 92564K, capacity 97100K, committed 97152K, reserved 1134592K
  class space    used 11638K, capacity 12642K, committed 12672K, reserved 1048576K
}
Event: 2235.240 GC heap before
{Heap before GC invocations=41 (full 5):
 PSYoungGen      total 465408K, used 30484K [0x00000000e0000000, 0x0000000100000000, 0x0000000100000000)
  eden space 431104K, 0% used [0x00000000e0000000,0x00000000e0000000,0x00000000fa500000)
  from space 34304K, 88% used [0x00000000fde80000,0x00000000ffc45188,0x0000000100000000)
  to   space 46592K, 0% used [0x00000000fa500000,0x00000000fa500000,0x00000000fd280000)
 ParOldGen       total 149504K, used 127825K [0x00000000a0000000, 0x00000000a9200000, 0x00000000e0000000)
  object space 149504K, 85% used [0x00000000a0000000,0x00000000a7cd4788,0x00000000a9200000)
 Metaspace       used 92564K, capacity 97100K, committed 97152K, reserved 1134592K
  class space    used 11638K, capacity 12642K, committed 12672K, reserved 1048576K
Event: 2250.213 GC heap after
Heap after GC invocations=41 (full 5):
 PSYoungGen      total 465408K, used 0K [0x00000000e0000000, 0x0000000100000000, 0x0000000100000000)
  eden space 431104K, 0% used [0x00000000e0000000,0x00000000e0000000,0x00000000fa500000)
  from space 34304K, 0% used [0x00000000fde80000,0x00000000fde80000,0x0000000100000000)
  to   space 46592K, 0% used [0x00000000fa500000,0x00000000fa500000,0x00000000fd280000)
 ParOldGen       total 176640K, used 72640K [0x00000000a0000000, 0x00000000aac80000, 0x00000000e0000000)
  object space 176640K, 41% used [0x00000000a0000000,0x00000000a46f0050,0x00000000aac80000)
 Metaspace       used 91327K, capacity 95396K, committed 97152K, reserved 1134592K
  class space    used 11368K, capacity 12252K, committed 12672K, reserved 1048576K
}
Event: 2330.985 GC heap before
{Heap before GC invocations=42 (full 5):
 PSYoungGen      total 465408K, used 430710K [0x00000000e0000000, 0x0000000100000000, 0x0000000100000000)
  eden space 431104K, 99% used [0x00000000e0000000,0x00000000fa49d970,0x00000000fa500000)
  from space 34304K, 0% used [0x00000000fde80000,0x00000000fde80000,0x0000000100000000)
  to   space 46592K, 0% used [0x00000000fa500000,0x00000000fa500000,0x00000000fd280000)
 ParOldGen       total 176640K, used 72640K [0x00000000a0000000, 0x00000000aac80000, 0x00000000e0000000)
  object space 176640K, 41% used [0x00000000a0000000,0x00000000a46f0050,0x00000000aac80000)
 Metaspace       used 91418K, capacity 95516K, committed 97152K, reserved 1134592K
  class space    used 11371K, capacity 12288K, committed 12672K, reserved 1048576K
Event: 2331.089 GC heap after
Heap after GC invocations=42 (full 5):
 PSYoungGen      total 477696K, used 2148K [0x00000000e0000000, 0x0000000100000000, 0x0000000100000000)
  eden space 431104K, 0% used [0x00000000e0000000,0x00000000e0000000,0x00000000fa500000)
  from space 46592K, 4% used [0x00000000fa500000,0x00000000fa719330,0x00000000fd280000)
  to   space 46080K, 0% used [0x00000000fd300000,0x00000000fd300000,0x0000000100000000)
 ParOldGen       total 176640K, used 72648K [0x00000000a0000000, 0x00000000aac80000, 0x00000000e0000000)
  object space 176640K, 41% used [0x00000000a0000000,0x00000000a46f2050,0x00000000aac80000)
 Metaspace       used 91418K, capacity 95516K, committed 97152K, reserved 1134592K
  class space    used 11371K, capacity 12288K, committed 12672K, reserved 1048576K
}

