# JRE version: OpenJDK Runtime Environment (8.0_152-b06) (build 1.8.0_152-release-1136-b06)
# Java VM: OpenJDK 64-Bit Server VM (25.152-b06 mixed mode windows-amd64 compressed oops)
Heap:
 PSYoungGen      total 76288K, used 6023K [0x00000000e0000000, 0x00000000e5200000, 0x0000000100000000)
  eden space 71168K, 8% used [0x00000000e0000000,0x00000000e05e1e30,0x00000000e4580000)
  from space 5120K, 0% used [0x00000000e4d00000,0x00000000e4d00000,0x00000000e5200000)
  to   space 6144K, 0% used [0x00000000e4600000,0x00000000e4600000,0x00000000e4c00000)
 ParOldGen       total 33792K, used 15541K [0x00000000a0000000, 0x00000000a2100000, 0x00000000e0000000)
  object space 33792K, 45% used [0x00000000a0000000,0x00000000a0f2d640,0x00000000a2100000)
 Metaspace       used 35864K, capacity 36632K, committed 36952K, reserved 1081344K
  class space    used 4892K, capacity 5140K, committed 5248K, reserved 1048576K
GC Heap History (10 events):
Event: 52.949 GC heap before
{Heap before GC invocations=12 (full 1):
 PSYoungGen      total 47104K, used 46710K [0x00000000e0000000, 0x00000000e3b80000, 0x0000000100000000)
  eden space 43008K, 100% used [0x00000000e0000000,0x00000000e2a00000,0x00000000e2a00000)
  from space 4096K, 90% used [0x00000000e3780000,0x00000000e3b1db08,0x00000000e3b80000)
  to   space 5632K, 0% used [0x00000000e3080000,0x00000000e3080000,0x00000000e3600000)
 ParOldGen       total 33792K, used 8407K [0x00000000a0000000, 0x00000000a2100000, 0x00000000e0000000)
  object space 33792K, 24% used [0x00000000a0000000,0x00000000a0835d28,0x00000000a2100000)
 Metaspace       used 27094K, capacity 27660K, committed 27776K, reserved 1073152K
  class space    used 3719K, capacity 3917K, committed 3968K, reserved 1048576K
Event: 52.999 GC heap after
Heap after GC invocations=12 (full 1):
 PSYoungGen      total 55296K, used 4634K [0x00000000e0000000, 0x00000000e4280000, 0x0000000100000000)
  eden space 49664K, 0% used [0x00000000e0000000,0x00000000e0000000,0x00000000e3080000)
  from space 5632K, 82% used [0x00000000e3080000,0x00000000e3506808,0x00000000e3600000)
  to   space 5632K, 0% used [0x00000000e3d00000,0x00000000e3d00000,0x00000000e4280000)
 ParOldGen       total 33792K, used 10643K [0x00000000a0000000, 0x00000000a2100000, 0x00000000e0000000)
  object space 33792K, 31% used [0x00000000a0000000,0x00000000a0a64d58,0x00000000a2100000)
 Metaspace       used 27094K, capacity 27660K, committed 27776K, reserved 1073152K
  class space    used 3719K, capacity 3917K, committed 3968K, reserved 1048576K
}
Event: 66.849 GC heap before
{Heap before GC invocations=13 (full 1):
 PSYoungGen      total 55296K, used 54298K [0x00000000e0000000, 0x00000000e4280000, 0x0000000100000000)
  eden space 49664K, 100% used [0x00000000e0000000,0x00000000e3080000,0x00000000e3080000)
  from space 5632K, 82% used [0x00000000e3080000,0x00000000e3506808,0x00000000e3600000)
  to   space 5632K, 0% used [0x00000000e3d00000,0x00000000e3d00000,0x00000000e4280000)
 ParOldGen       total 33792K, used 10643K [0x00000000a0000000, 0x00000000a2100000, 0x00000000e0000000)
  object space 33792K, 31% used [0x00000000a0000000,0x00000000a0a64d58,0x00000000a2100000)
 Metaspace       used 31316K, capacity 31914K, committed 32256K, reserved 1077248K
  class space    used 4298K, capacity 4502K, committed 4608K, reserved 1048576K
Event: 66.927 GC heap after
Heap after GC invocations=13 (full 1):
 PSYoungGen      total 62464K, used 4406K [0x00000000e0000000, 0x00000000e4980000, 0x0000000100000000)
  eden space 56832K, 0% used [0x00000000e0000000,0x00000000e0000000,0x00000000e3780000)
  from space 5632K, 78% used [0x00000000e3d00000,0x00000000e414d9e0,0x00000000e4280000)
  to   space 5632K, 0% used [0x00000000e3780000,0x00000000e3780000,0x00000000e3d00000)
 ParOldGen       total 33792K, used 12784K [0x00000000a0000000, 0x00000000a2100000, 0x00000000e0000000)
  object space 33792K, 37% used [0x00000000a0000000,0x00000000a0c7c048,0x00000000a2100000)
 Metaspace       used 31316K, capacity 31914K, committed 32256K, reserved 1077248K
  class space    used 4298K, capacity 4502K, committed 4608K, reserved 1048576K
}
Event: 79.859 GC heap before
{Heap before GC invocations=14 (full 1):
 PSYoungGen      total 62464K, used 61238K [0x00000000e0000000, 0x00000000e4980000, 0x0000000100000000)
  eden space 56832K, 100% used [0x00000000e0000000,0x00000000e3780000,0x00000000e3780000)
  from space 5632K, 78% used [0x00000000e3d00000,0x00000000e414d9e0,0x00000000e4280000)
  to   space 5632K, 0% used [0x00000000e3780000,0x00000000e3780000,0x00000000e3d00000)
 ParOldGen       total 33792K, used 12784K [0x00000000a0000000, 0x00000000a2100000, 0x00000000e0000000)
  object space 33792K, 37% used [0x00000000a0000000,0x00000000a0c7c048,0x00000000a2100000)
 Metaspace       used 31786K, capacity 32426K, committed 32768K, reserved 1077248K
  class space    used 4306K, capacity 4502K, committed 4608K, reserved 1048576K
Event: 79.955 GC heap after
Heap after GC invocations=14 (full 1):
 PSYoungGen      total 62464K, used 1792K [0x00000000e0000000, 0x00000000e5300000, 0x0000000100000000)
  eden space 56832K, 0% used [0x00000000e0000000,0x00000000e0000000,0x00000000e3780000)
  from space 5632K, 31% used [0x00000000e3780000,0x00000000e3940030,0x00000000e3d00000)
  to   space 6144K, 0% used [0x00000000e4d00000,0x00000000e4d00000,0x00000000e5300000)
 ParOldGen       total 33792K, used 12792K [0x00000000a0000000, 0x00000000a2100000, 0x00000000e0000000)
  object space 33792K, 37% used [0x00000000a0000000,0x00000000a0c7e048,0x00000000a2100000)
 Metaspace       used 31786K, capacity 32426K, committed 32768K, reserved 1077248K
  class space    used 4306K, capacity 4502K, committed 4608K, reserved 1048576K
}
Event: 90.103 GC heap before
{Heap before GC invocations=15 (full 1):
 PSYoungGen      total 62464K, used 42061K [0x00000000e0000000, 0x00000000e5300000, 0x0000000100000000)
  eden space 56832K, 70% used [0x00000000e0000000,0x00000000e2753448,0x00000000e3780000)
  from space 5632K, 31% used [0x00000000e3780000,0x00000000e3940030,0x00000000e3d00000)
  to   space 6144K, 0% used [0x00000000e4d00000,0x00000000e4d00000,0x00000000e5300000)
 ParOldGen       total 33792K, used 12792K [0x00000000a0000000, 0x00000000a2100000, 0x00000000e0000000)
  object space 33792K, 37% used [0x00000000a0000000,0x00000000a0c7e048,0x00000000a2100000)
 Metaspace       used 34594K, capacity 35334K, committed 35416K, reserved 1079296K
  class space    used 4718K, capacity 4984K, committed 4992K, reserved 1048576K
Event: 90.142 GC heap after
Heap after GC invocations=15 (full 1):
 PSYoungGen      total 76288K, used 4850K [0x00000000e0000000, 0x00000000e5200000, 0x0000000100000000)
  eden space 71168K, 0% used [0x00000000e0000000,0x00000000e0000000,0x00000000e4580000)
  from space 5120K, 94% used [0x00000000e4d00000,0x00000000e51bc848,0x00000000e5200000)
  to   space 6144K, 0% used [0x00000000e4600000,0x00000000e4600000,0x00000000e4c00000)
 ParOldGen       total 33792K, used 12864K [0x00000000a0000000, 0x00000000a2100000, 0x00000000e0000000)
  object space 33792K, 38% used [0x00000000a0000000,0x00000000a0c90058,0x00000000a2100000)
 Metaspace       used 34594K, capacity 35334K, committed 35416K, reserved 1079296K
  class space    used 4718K, capacity 4984K, committed 4992K, reserved 1048576K
}
Event: 90.142 GC heap before
{Heap before GC invocations=16 (full 2):
 PSYoungGen      total 76288K, used 4850K [0x00000000e0000000, 0x00000000e5200000, 0x0000000100000000)
  eden space 71168K, 0% used [0x00000000e0000000,0x00000000e0000000,0x00000000e4580000)
  from space 5120K, 94% used [0x00000000e4d00000,0x00000000e51bc848,0x00000000e5200000)
  to   space 6144K, 0% used [0x00000000e4600000,0x00000000e4600000,0x00000000e4c00000)
 ParOldGen       total 33792K, used 12864K [0x00000000a0000000, 0x00000000a2100000, 0x00000000e0000000)
  object space 33792K, 38% used [0x00000000a0000000,0x00000000a0c90058,0x00000000a2100000)
 Metaspace       used 34594K, capacity 35334K, committed 35416K, reserved 1079296K
  class space    used 4718K, capacity 4984K, committed 4992K, reserved 1048576K
Event: 90.714 GC heap after
Heap after GC invocations=16 (full 2):
 PSYoungGen      total 76288K, used 0K [0x00000000e0000000, 0x00000000e5200000, 0x0000000100000000)
  eden space 71168K, 0% used [0x00000000e0000000,0x00000000e0000000,0x00000000e4580000)
  from space 5120K, 0% used [0x00000000e4d00000,0x00000000e4d00000,0x00000000e5200000)
  to   space 6144K, 0% used [0x00000000e4600000,0x00000000e4600000,0x00000000e4c00000)
 ParOldGen       total 33792K, used 15541K [0x00000000a0000000, 0x00000000a2100000, 0x00000000e0000000)
  object space 33792K, 45% used [0x00000000a0000000,0x00000000a0f2d640,0x00000000a2100000)
 Metaspace       used 34594K, capacity 35334K, committed 35416K, reserved 1079296K
  class space    used 4718K, capacity 4984K, committed 4992K, reserved 1048576K
}

